Arguments: 
  D:\Software\nodejs\node.exe D:\Software\yarn\bin\yarn.js install

PATH: 
  D:\Software\cmder\vendor\git-for-windows\mingw64\bin;D:\Software\cmder\vendor\git-for-windows\usr\bin;C:\Users\HUANG\bin;C:\Users\HUANG\AppData\Local\Programs\Python\Python38\Scripts;C:\Users\HUANG\AppData\Local\Programs\Python\Python38;C:\Windows\system32;C:\Windows;C:\Windows\System32\Wbem;C:\Windows\System32\WindowsPowerShell\v1.0;C:\Windows\System32\OpenSSH;C:\Program Files (x86)\NVIDIA Corporation\PhysX\Common;C:\Program Files\NVIDIA Corporation\NVIDIA NvDLISR;C:\Program Files (x86)\QuickTime\QTSystem;D:\Software\cmder;D:\Software\hugo;C:\Users\HUANG\AppData\Local\Yarn\bin;D:\Software\yarn\bin;C:\Program Files\Git\cmd;C:\Program Files\Docker\Docker\resources\bin;C:\ProgramData\DockerDesktop\version-bin;D:\Software\nodejs;C:\ProgramData\chocolatey\bin;C:\Program Files\Common Files\Autodesk Shared;C:\Program Files (x86)\Autodesk\Backburner;%USERPROFILE%\AppData\Local\Microsoft\WindowsApps;D:\tool\vscode\Microsoft VS Code\bin;%WebStorm%;C:\Users\HUANG\AppData\Local\Yarn\bin;C:\Users\HUANG\AppData\Roaming\npm;C:\Users\HUANG\AppData\Local\MaxTo

Yarn version: 
  1.22.4

Node version: 
  12.18.3

Platform: 
  win32 x64

Trace: 
  SyntaxError: D:\code\p\Item\tally-uni\package.json: Unexpected end of JSON input
      at JSON.parse (<anonymous>)
      at D:\Software\yarn\lib\cli.js:1625:59
      at Generator.next (<anonymous>)
      at step (D:\Software\yarn\lib\cli.js:310:30)
      at D:\Software\yarn\lib\cli.js:321:13

npm manifest: 
  

yarn manifest: 
  No manifest

Lockfile: 
  # THIS IS AN AUTOGENERATED FILE. DO NOT EDIT THIS FILE DIRECTLY.
  # yarn lockfile v1
  
  
  vue@^2.6.12:
    version "2.6.12"
    resolved "https://registry.npm.taobao.org/vue/download/vue-2.6.12.tgz?cache=0&sync_timestamp=1603224263683&other_urls=https%3A%2F%2Fregistry.npm.taobao.org%2Fvue%2Fdownload%2Fvue-2.6.12.tgz#f5ebd4fa6bd2869403e29a896aed4904456c9123"
    integrity sha1-9evU+mvShpQD4pqJau1JBEVskSM=
  
  vuex@^3.5.1:
    version "3.5.1"
    resolved "https://registry.npm.taobao.org/vuex/download/vuex-3.5.1.tgz?cache=0&sync_timestamp=1604065590313&other_urls=https%3A%2F%2Fregistry.npm.taobao.org%2Fvuex%2Fdownload%2Fvuex-3.5.1.tgz#f1b8dcea649bc25254cf4f4358081dbf5da18b3d"
    integrity sha1-8bjc6mSbwlJUz09DWAgdv12hiz0=
